<?xml version="1.0" encoding="UTF-8"?>
<coverage generated="1658023695001" clover="3.2.0">
  <project timestamp="1658023695002" name="All files">
    <metrics statements="16" coveredstatements="16" conditionals="4" coveredconditionals="3" methods="5" coveredmethods="5" elements="25" coveredelements="24" complexity="0" loc="16" ncloc="16" packages="1" files="2" classes="2"/>
    <file name="gradeCalc.js" path="/home/runner/JEST-Learning/gradeCalc.js">
      <metrics statements="14" coveredstatements="14" conditionals="4" coveredconditionals="3" methods="4" coveredmethods="4"/>
      <line num="1" count="1" type="stmt"/>
      <line num="2" count="12" type="stmt"/>
      <line num="3" count="3" type="cond" truecount="1" falsecount="1"/>
      <line num="5" count="12" type="stmt"/>
      <line num="6" count="3" type="stmt"/>
      <line num="9" count="1" type="stmt"/>
      <line num="10" count="2" type="stmt"/>
      <line num="11" count="2" type="stmt"/>
      <line num="13" count="2" type="cond" truecount="2" falsecount="0"/>
      <line num="14" count="1" type="stmt"/>
      <line num="15" count="1" type="stmt"/>
      <line num="17" count="1" type="stmt"/>
      <line num="18" count="1" type="stmt"/>
      <line num="22" count="1" type="stmt"/>
    </file>
    <file name="jestOne.js" path="/home/runner/JEST-Learning/jestOne.js">
      <metrics statements="2" coveredstatements="2" conditionals="0" coveredconditionals="0" methods="1" coveredmethods="1"/>
      <line num="2" count="1" type="stmt"/>
      <line num="5" count="1" type="stmt"/>
    </file>
  </project>
</coverage>
